{"/Users/forguo/work/wei/f2e-learning/daily-code/vue-app/vue3-app/src/components/WeButton.vue": {"path":"/Users/forguo/work/wei/f2e-learning/daily-code/vue-app/vue3-app/src/components/WeButton.vue","statementMap":{"0":{"start":{"line":26,"column":15},"end":{"line":28,"column":null}},"1":{"start":{"line":8,"column":4},"end":{"line":9,"column":null}},"2":{"start":{"line":8,"column":20},"end":{"line":8,"column":37}}},"fnMap":{"0":{"name":"(anonymous_2)","decl":{"start":{"line":8,"column":18},"end":{"line":8,"column":20}},"loc":{"start":{"line":8,"column":20},"end":{"line":8,"column":37}}}},"branchMap":{"0":{"loc":{"start":{"line":8,"column":18},"end":{"line":8,"column":37}},"type":"binary-expr","locations":[{"start":{"line":8,"column":18},"end":{"line":8,"column":20}},{"start":{"line":8,"column":18},"end":{"line":8,"column":37}}]},"1":{"loc":{"start":{"line":8,"column":47},"end":{"line":8,"column":68}},"type":"binary-expr","locations":[{"start":{"line":8,"column":47},"end":{"line":8,"column":58}},{"start":{"line":8,"column":58},"end":{"line":8,"column":68}}]}},"s":{"0":1,"1":1,"2":0},"f":{"0":0},"b":{"0":[1,1],"1":[1,0]}}
,"/Users/forguo/work/wei/f2e-learning/daily-code/vue-app/vue3-app/src/libs/helper.ts": {"path":"/Users/forguo/work/wei/f2e-learning/daily-code/vue-app/vue3-app/src/libs/helper.ts","statementMap":{"0":{"start":{"line":3,"column":4},"end":{"line":5,"column":null}},"1":{"start":{"line":4,"column":8},"end":{"line":4,"column":null}},"2":{"start":{"line":6,"column":4},"end":{"line":6,"column":null}}},"fnMap":{"0":{"name":"increment","decl":{"start":{"line":2,"column":16},"end":{"line":2,"column":26}},"loc":{"start":{"line":2,"column":61},"end":{"line":7,"column":null}}}},"branchMap":{"0":{"loc":{"start":{"line":2,"column":43},"end":{"line":2,"column":61}},"type":"default-arg","locations":[{"start":{"line":2,"column":49},"end":{"line":2,"column":61}}]},"1":{"loc":{"start":{"line":3,"column":4},"end":{"line":5,"column":null}},"type":"if","locations":[{"start":{"line":3,"column":4},"end":{"line":5,"column":null}},{"start":{"line":3,"column":4},"end":{"line":5,"column":null}}]}},"s":{"0":3,"1":1,"2":2},"f":{"0":3},"b":{"0":[0],"1":[1,2]}}
}
